[debug] [2021-04-09T13:42:41.073Z] ----------------------------------------------------------------------
[debug] [2021-04-09T13:42:41.078Z] Command:       C:\Program Files\nodejs\node.exe C:\Users\user\AppData\Roaming\npm\node_modules\firebase-tools\lib\bin\firebase.js init firestore
[debug] [2021-04-09T13:42:41.078Z] CLI Version:   9.9.0
[debug] [2021-04-09T13:42:41.079Z] Platform:      win32
[debug] [2021-04-09T13:42:41.079Z] Node Version:  v14.15.0
[debug] [2021-04-09T13:42:41.082Z] Time:          Fri Apr 09 2021 14:42:41 GMT+0100 (West Africa Standard Time)
[debug] [2021-04-09T13:42:41.082Z] ----------------------------------------------------------------------
[debug] 
[debug] [2021-04-09T13:42:41.100Z] > command requires scopes: ["email","openid","https://www.googleapis.com/auth/cloudplatformprojects.readonly","https://www.googleapis.com/auth/firebase","https://www.googleapis.com/auth/cloud-platform"]
[debug] [2021-04-09T13:42:41.100Z] > authorizing via signed-in user (andrewusoro0@gmail.com)
[info] 
     ######## #### ########  ######## ########     ###     ######  ########
     ##        ##  ##     ## ##       ##     ##  ##   ##  ##       ##
     ######    ##  ########  ######   ########  #########  ######  ######
     ##        ##  ##    ##  ##       ##     ## ##     ##       ## ##
     ##       #### ##     ## ######## ########  ##     ##  ######  ########

You're about to initialize a Firebase project in this directory:

  C:\Users\user\news_app

Before we get started, keep in mind:

  * You are initializing in an existing Firebase project directory

[info] 
=== Project Setup
[info] 
[info] First, let's associate this project directory with a Firebase project.
[info] You can create multiple project aliases by running firebase use --add, 
[info] but for now we'll just set up a default project.
[info] 
[info] i  .firebaserc already has a default project, using commentsection-18501. 
[debug] [2021-04-09T13:42:45.235Z] >>> [apiv2][query] GET https://firebase.googleapis.com/v1beta1/projects/commentsection-18501 [none]
[debug] [2021-04-09T13:42:45.784Z] <<< [apiv2][status] GET https://firebase.googleapis.com/v1beta1/projects/commentsection-18501 200
[debug] [2021-04-09T13:42:45.784Z] <<< [apiv2][body] GET https://firebase.googleapis.com/v1beta1/projects/commentsection-18501 {"projectId":"commentsection-18501","projectNumber":"659641925094","displayName":"CommentSection","name":"projects/commentsection-18501","resources":{"hostingSite":"commentsection-18501","storageBucket":"commentsection-18501.appspot.com","locationId":"us-central"},"state":"ACTIVE"}
[info] 
=== Firestore Setup
[debug] [2021-04-09T13:42:45.788Z] > refreshing access token with scopes: ["email","https://www.googleapis.com/auth/cloud-platform","https://www.googleapis.com/auth/cloudplatformprojects.readonly","https://www.googleapis.com/auth/firebase","openid"]
[debug] [2021-04-09T13:42:45.788Z] >>> HTTP REQUEST POST https://www.googleapis.com/oauth2/v3/token  
 <request body omitted>
[debug] [2021-04-09T13:42:50.313Z] <<< HTTP RESPONSE 200 {"date":"Fri, 09 Apr 2021 12:42:41 GMT","cache-control":"no-cache, no-store, max-age=0, must-revalidate","pragma":"no-cache","expires":"Mon, 01 Jan 1990 00:00:00 GMT","content-type":"application/json; charset=utf-8","vary":"X-Origin, Referer, Origin,Accept-Encoding","server":"scaffolding on HTTPServer2","x-xss-protection":"0","x-frame-options":"SAMEORIGIN","x-content-type-options":"nosniff","alt-svc":"h3-29=\":443\"; ma=2592000,h3-T051=\":443\"; ma=2592000,h3-Q050=\":443\"; ma=2592000,h3-Q046=\":443\"; ma=2592000,h3-Q043=\":443\"; ma=2592000,quic=\":443\"; ma=2592000; v=\"46,43\"","accept-ranges":"none","transfer-encoding":"chunked"}
[debug] [2021-04-09T13:42:50.328Z] >>> HTTP REQUEST GET https://serviceusage.googleapis.com/v1/projects/commentsection-18501/services/firestore.googleapis.com  
 
[debug] [2021-04-09T13:43:21.673Z] Error: getaddrinfo EAI_AGAIN serviceusage.googleapis.com
    at GetAddrInfoReqWrap.onlookup [as oncomplete] (dns.js:67:26)
[error] 
[error] Error: Server Error. getaddrinfo EAI_AGAIN serviceusage.googleapis.com
[debug] [2021-04-09T13:43:56.441Z] ----------------------------------------------------------------------
[debug] [2021-04-09T13:43:56.446Z] Command:       C:\Program Files\nodejs\node.exe C:\Users\user\AppData\Roaming\npm\node_modules\firebase-tools\lib\bin\firebase.js deploy
[debug] [2021-04-09T13:43:56.447Z] CLI Version:   9.9.0
[debug] [2021-04-09T13:43:56.448Z] Platform:      win32
[debug] [2021-04-09T13:43:56.448Z] Node Version:  v14.15.0
[debug] [2021-04-09T13:43:56.470Z] Time:          Fri Apr 09 2021 14:43:56 GMT+0100 (West Africa Standard Time)
[debug] [2021-04-09T13:43:56.470Z] ----------------------------------------------------------------------
[debug] 
[debug] [2021-04-09T13:43:56.491Z] > command requires scopes: ["email","openid","https://www.googleapis.com/auth/cloudplatformprojects.readonly","https://www.googleapis.com/auth/firebase","https://www.googleapis.com/auth/cloud-platform"]
[debug] [2021-04-09T13:43:56.491Z] > authorizing via signed-in user (andrewusoro0@gmail.com)
[debug] [2021-04-09T13:43:56.492Z] [iam] checking project commentsection-18501 for permissions ["firebase.projects.get","firebasehosting.sites.update"]
[debug] [2021-04-09T13:43:56.505Z] >>> HTTP REQUEST POST https://cloudresourcemanager.googleapis.com/v1/projects/commentsection-18501:testIamPermissions  
 {"permissions":["firebase.projects.get","firebasehosting.sites.update"]}
[debug] [2021-04-09T13:44:05.369Z] <<< HTTP RESPONSE 200 {"content-type":"application/json; charset=UTF-8","vary":"X-Origin, Referer, Origin,Accept-Encoding","date":"Fri, 09 Apr 2021 12:43:56 GMT","server":"ESF","cache-control":"private","x-xss-protection":"0","x-frame-options":"SAMEORIGIN","x-content-type-options":"nosniff","server-timing":"gfet4t7; dur=1090","alt-svc":"h3-29=\":443\"; ma=2592000,h3-T051=\":443\"; ma=2592000,h3-Q050=\":443\"; ma=2592000,h3-Q046=\":443\"; ma=2592000,h3-Q043=\":443\"; ma=2592000,quic=\":443\"; ma=2592000; v=\"46,43\"","accept-ranges":"none","transfer-encoding":"chunked"}
[debug] [2021-04-09T13:44:05.373Z] > refreshing access token with scopes: []
[debug] [2021-04-09T13:44:05.374Z] >>> HTTP REQUEST POST https://www.googleapis.com/oauth2/v3/token  
 <request body omitted>
[debug] [2021-04-09T13:44:08.792Z] <<< HTTP RESPONSE 200 {"pragma":"no-cache","expires":"Mon, 01 Jan 1990 00:00:00 GMT","cache-control":"no-cache, no-store, max-age=0, must-revalidate","date":"Fri, 09 Apr 2021 12:44:00 GMT","content-type":"application/json; charset=utf-8","vary":"X-Origin, Referer, Origin,Accept-Encoding","server":"scaffolding on HTTPServer2","x-xss-protection":"0","x-frame-options":"SAMEORIGIN","x-content-type-options":"nosniff","alt-svc":"h3-29=\":443\"; ma=2592000,h3-T051=\":443\"; ma=2592000,h3-Q050=\":443\"; ma=2592000,h3-Q046=\":443\"; ma=2592000,h3-Q043=\":443\"; ma=2592000,quic=\":443\"; ma=2592000; v=\"46,43\"","accept-ranges":"none","transfer-encoding":"chunked"}
[debug] [2021-04-09T13:44:08.808Z] >>> [apiv2][query] GET https://firebase.googleapis.com/v1beta1/projects/commentsection-18501 [none]
[debug] [2021-04-09T13:44:30.044Z] Failed to make request to https://firebase.googleapis.com/v1beta1/projects/commentsection-18501
[debug] [2021-04-09T13:44:51.333Z] FirebaseError: Failed to make request to https://firebase.googleapis.com/v1beta1/projects/commentsection-18501
    at Client.doRequest (C:\Users\user\AppData\Roaming\npm\node_modules\firebase-tools\lib\apiv2.js:211:19)
    at processTicksAndRejections (internal/process/task_queues.js:93:5)
    at async Client.request (C:\Users\user\AppData\Roaming\npm\node_modules\firebase-tools\lib\apiv2.js:96:20)
    at async Object.getFirebaseProject (C:\Users\user\AppData\Roaming\npm\node_modules\firebase-tools\lib\management\projects.js:290:21)
    at async Object.getDefaultHostingSite (C:\Users\user\AppData\Roaming\npm\node_modules\firebase-tools\lib\getDefaultHostingSite.js:8:21)
    at async requireHostingSite (C:\Users\user\AppData\Roaming\npm\node_modules\firebase-tools\lib\requireHostingSite.js:9:18)
    at async Object.fn (C:\Users\user\AppData\Roaming\npm\node_modules\firebase-tools\lib\commands\deploy.js:66:9)
    at async C:\Users\user\AppData\Roaming\npm\node_modules\firebase-tools\lib\command.js:169:17
[error] 
[error] Error: Failed to get Firebase project commentsection-18501. Please make sure the project exists and your account has permission to access it.
[debug] [2021-04-09T13:45:43.371Z] ----------------------------------------------------------------------
[debug] [2021-04-09T13:45:43.374Z] Command:       C:\Program Files\nodejs\node.exe C:\Users\user\AppData\Roaming\npm\node_modules\firebase-tools\lib\bin\firebase.js init
[debug] [2021-04-09T13:45:43.375Z] CLI Version:   9.9.0
[debug] [2021-04-09T13:45:43.375Z] Platform:      win32
[debug] [2021-04-09T13:45:43.375Z] Node Version:  v14.15.0
[debug] [2021-04-09T13:45:43.387Z] Time:          Fri Apr 09 2021 14:45:43 GMT+0100 (West Africa Standard Time)
[debug] [2021-04-09T13:45:43.387Z] ----------------------------------------------------------------------
[debug] 
[debug] [2021-04-09T13:45:43.399Z] > command requires scopes: ["email","openid","https://www.googleapis.com/auth/cloudplatformprojects.readonly","https://www.googleapis.com/auth/firebase","https://www.googleapis.com/auth/cloud-platform"]
[debug] [2021-04-09T13:45:43.399Z] > authorizing via signed-in user (andrewusoro0@gmail.com)
[info] 
     ######## #### ########  ######## ########     ###     ######  ########
     ##        ##  ##     ## ##       ##     ##  ##   ##  ##       ##
     ######    ##  ########  ######   ########  #########  ######  ######
     ##        ##  ##    ##  ##       ##     ## ##     ##       ## ##
     ##       #### ##     ## ######## ########  ##     ##  ######  ########

You're about to initialize a Firebase project in this directory:

  C:\Users\user\news_app

Before we get started, keep in mind:

  * You are initializing in an existing Firebase project directory

[info] 
=== Project Setup
[info] 
[info] First, let's associate this project directory with a Firebase project.
[info] You can create multiple project aliases by running firebase use --add, 
[info] but for now we'll just set up a default project.
[info] 
[info] i  .firebaserc already has a default project, using commentsection-18501. 
[debug] [2021-04-09T13:45:59.831Z] >>> [apiv2][query] GET https://firebase.googleapis.com/v1beta1/projects/commentsection-18501 [none]
[debug] [2021-04-09T13:46:20.912Z] Failed to make request to https://firebase.googleapis.com/v1beta1/projects/commentsection-18501
[debug] [2021-04-09T13:46:41.940Z] FirebaseError: Failed to make request to https://firebase.googleapis.com/v1beta1/projects/commentsection-18501
    at Client.doRequest (C:\Users\user\AppData\Roaming\npm\node_modules\firebase-tools\lib\apiv2.js:211:19)
    at processTicksAndRejections (internal/process/task_queues.js:93:5)
    at async Client.request (C:\Users\user\AppData\Roaming\npm\node_modules\firebase-tools\lib\apiv2.js:96:20)
    at async Object.getFirebaseProject (C:\Users\user\AppData\Roaming\npm\node_modules\firebase-tools\lib\management\projects.js:290:21)
    at async Object.doSetup [as project] (C:\Users\user\AppData\Roaming\npm\node_modules\firebase-tools\lib\init\features\project.js:77:27)
    at async init (C:\Users\user\AppData\Roaming\npm\node_modules\firebase-tools\lib\init\index.js:19:9)
[error] 
[error] Error: Failed to get Firebase project commentsection-18501. Please make sure the project exists and your account has permission to access it.
